----------------------------------------------------------------
Fri Mar 25 08:44:48 PDT 2022:
Booting Derby version The Apache Software Foundation - Apache Derby - 10.14.2.0 - (1828579): instance a816c00e-017f-c1c0-6d5f-000001ca7d60 
on database directory memory:C:\STS_Workspace\MemberDemo\9a55a8bb-3115-4bc1-9b81-50263909217d with class loader jdk.internal.loader.ClassLoaders$AppClassLoader@6659c656 
Loaded from file:/C:/Users/sivan/.m2/repository/org/apache/derby/derby/10.14.2.0/derby-10.14.2.0.jar
java.vendor=Eclipse Adoptium
java.runtime.version=17.0.1+12
user.dir=C:\STS_Workspace\MemberDemo
os.name=Windows 10
os.arch=amd64
os.version=10.0
derby.system.home=null
Database Class Loader started - derby.database.classpath=''
----------------------------------------------------------------
Fri Mar 25 08:44:53 PDT 2022:
Booting Derby version The Apache Software Foundation - Apache Derby - 10.14.2.0 - (1828579): instance 3988c0be-017f-c1c0-6d5f-000001ca7d60 
on database directory memory:C:\STS_Workspace\MemberDemo\61c25d59-7f83-4774-8df3-c1c483f9007e with class loader jdk.internal.loader.ClassLoaders$AppClassLoader@6659c656 
Loaded from file:/C:/Users/sivan/.m2/repository/org/apache/derby/derby/10.14.2.0/derby-10.14.2.0.jar
java.vendor=Eclipse Adoptium
java.runtime.version=17.0.1+12
user.dir=C:\STS_Workspace\MemberDemo
os.name=Windows 10
os.arch=amd64
os.version=10.0
derby.system.home=null
derby.stream.error.method=org.springframework.jdbc.datasource.embedded.OutputStreamFactory.getNoopOutputStream
Database Class Loader started - derby.database.classpath=''
